2017-08-09 13:42:40.209  INFO 4560 --- [restartedMain] com.cgm.WXRunClass                       : Starting WXRunClass on xuxc with PID 4560 (started by Administrator in E:\GitHub spack\WeiXinExample)
2017-08-09 13:42:40.210  INFO 4560 --- [restartedMain] com.cgm.WXRunClass                       : No active profile set, falling back to default profiles: default
2017-08-09 13:42:40.495  INFO 4560 --- [restartedMain] ationConfigEmbeddedWebApplicationContext : Refreshing org.springframework.boot.context.embedded.AnnotationConfigEmbeddedWebApplicationContext@3e7b620d: startup date [Wed Aug 09 13:42:40 CST 2017]; root of context hierarchy
2017-08-09 13:42:42.067  WARN 4560 --- [restartedMain] o.m.s.mapper.ClassPathMapperScanner      : No MyBatis mapper was found in '[com.cgm]' package. Please check your configuration.
2017-08-09 13:42:43.100  INFO 4560 --- [restartedMain] trationDelegate$BeanPostProcessorChecker : Bean 'org.springframework.transaction.annotation.ProxyTransactionManagementConfiguration' of type [org.springframework.transaction.annotation.ProxyTransactionManagementConfiguration$$EnhancerBySpringCGLIB$$f41dc46a] is not eligible for getting processed by all BeanPostProcessors (for example: not eligible for auto-proxying)
2017-08-09 13:42:43.553  INFO 4560 --- [restartedMain] s.b.c.e.t.TomcatEmbeddedServletContainer : Tomcat initialized with port(s): 8080 (http)
2017-08-09 13:42:43.569  INFO 4560 --- [restartedMain] o.apache.catalina.core.StandardService   : Starting service Tomcat
2017-08-09 13:42:43.570  INFO 4560 --- [restartedMain] org.apache.catalina.core.StandardEngine  : Starting Servlet Engine: Apache Tomcat/8.5.11
2017-08-09 13:42:43.774  INFO 4560 --- [localhost-startStop-1] o.a.c.c.C.[.[localhost].[/wxExample]     : Initializing Spring embedded WebApplicationContext
2017-08-09 13:42:43.775  INFO 4560 --- [localhost-startStop-1] o.s.web.context.ContextLoader            : Root WebApplicationContext: initialization completed in 3284 ms
2017-08-09 13:42:44.099  INFO 4560 --- [localhost-startStop-1] o.s.b.w.servlet.ServletRegistrationBean  : Mapping servlet: 'dispatcherServlet' to [/]
2017-08-09 13:42:44.104  INFO 4560 --- [localhost-startStop-1] o.s.b.w.servlet.FilterRegistrationBean   : Mapping filter: 'characterEncodingFilter' to: [/*]
2017-08-09 13:42:44.105  INFO 4560 --- [localhost-startStop-1] o.s.b.w.servlet.FilterRegistrationBean   : Mapping filter: 'hiddenHttpMethodFilter' to: [/*]
2017-08-09 13:42:44.106  INFO 4560 --- [localhost-startStop-1] o.s.b.w.servlet.FilterRegistrationBean   : Mapping filter: 'httpPutFormContentFilter' to: [/*]
2017-08-09 13:42:44.106  INFO 4560 --- [localhost-startStop-1] o.s.b.w.servlet.FilterRegistrationBean   : Mapping filter: 'requestContextFilter' to: [/*]
2017-08-09 13:42:44.519  INFO 4560 --- [restartedMain] s.w.s.m.m.a.RequestMappingHandlerAdapter : Looking for @ControllerAdvice: org.springframework.boot.context.embedded.AnnotationConfigEmbeddedWebApplicationContext@3e7b620d: startup date [Wed Aug 09 13:42:40 CST 2017]; root of context hierarchy
2017-08-09 13:42:44.579  INFO 4560 --- [restartedMain] s.w.s.m.m.a.RequestMappingHandlerMapping : Mapped "{[/getToken]}" onto public java.lang.String com.cgm.controller.WXOAuth2Controller.getToken(javax.servlet.http.HttpServletRequest,javax.servlet.http.HttpServletResponse)
2017-08-09 13:42:44.581  INFO 4560 --- [restartedMain] s.w.s.m.m.a.RequestMappingHandlerMapping : Mapped "{[/oauth2.do]}" onto public java.lang.String com.cgm.controller.WXOAuth2Controller.oauth2(javax.servlet.http.HttpServletRequest,javax.servlet.http.HttpServletResponse,javax.servlet.http.HttpSession) throws java.io.IOException
2017-08-09 13:42:44.581  INFO 4560 --- [restartedMain] s.w.s.m.m.a.RequestMappingHandlerMapping : Mapped "{[/weixinConnect]}" onto public java.lang.String com.cgm.controller.WXOAuth2Controller.weixinConnect(javax.servlet.http.HttpServletRequest,javax.servlet.http.HttpServletResponse) throws java.security.NoSuchAlgorithmException
2017-08-09 13:42:44.581  INFO 4560 --- [restartedMain] s.w.s.m.m.a.RequestMappingHandlerMapping : Mapped "{[/oauth2.do3]}" onto public java.lang.String com.cgm.controller.WXOAuth2Controller.oauth2for01003(javax.servlet.http.HttpServletRequest,javax.servlet.http.HttpServletResponse,javax.servlet.http.HttpSession) throws java.io.IOException
2017-08-09 13:42:44.582  INFO 4560 --- [restartedMain] s.w.s.m.m.a.RequestMappingHandlerMapping : Mapped "{[/oauth2.do6]}" onto public java.lang.String com.cgm.controller.WXOAuth2Controller.oauth2for01006(javax.servlet.http.HttpServletRequest,javax.servlet.http.HttpServletResponse,javax.servlet.http.HttpSession) throws java.io.IOException
2017-08-09 13:42:44.582  INFO 4560 --- [restartedMain] s.w.s.m.m.a.RequestMappingHandlerMapping : Mapped "{[/weixincreateMenu]}" onto public java.lang.String com.cgm.controller.WXOAuth2Controller.weixincreateMenu(javax.servlet.http.HttpServletRequest,javax.servlet.http.HttpServletResponse)
2017-08-09 13:42:44.585  INFO 4560 --- [restartedMain] s.w.s.m.m.a.RequestMappingHandlerMapping : Mapped "{[/error]}" onto public org.springframework.http.ResponseEntity<java.util.Map<java.lang.String, java.lang.Object>> org.springframework.boot.autoconfigure.web.BasicErrorController.error(javax.servlet.http.HttpServletRequest)
2017-08-09 13:42:44.588  INFO 4560 --- [restartedMain] s.w.s.m.m.a.RequestMappingHandlerMapping : Mapped "{[/error],produces=[text/html]}" onto public org.springframework.web.servlet.ModelAndView org.springframework.boot.autoconfigure.web.BasicErrorController.errorHtml(javax.servlet.http.HttpServletRequest,javax.servlet.http.HttpServletResponse)
2017-08-09 13:42:44.625  INFO 4560 --- [restartedMain] o.s.w.s.handler.SimpleUrlHandlerMapping  : Mapped URL path [/webjars/**] onto handler of type [class org.springframework.web.servlet.resource.ResourceHttpRequestHandler]
2017-08-09 13:42:44.626  INFO 4560 --- [restartedMain] o.s.w.s.handler.SimpleUrlHandlerMapping  : Mapped URL path [/**] onto handler of type [class org.springframework.web.servlet.resource.ResourceHttpRequestHandler]
2017-08-09 13:42:44.673  INFO 4560 --- [restartedMain] o.s.w.s.handler.SimpleUrlHandlerMapping  : Mapped URL path [/**/favicon.ico] onto handler of type [class org.springframework.web.servlet.resource.ResourceHttpRequestHandler]
2017-08-09 13:42:45.054  WARN 4560 --- [restartedMain] .t.AbstractTemplateResolverConfiguration : Cannot find template location: classpath:/templates/pages/ (please add some templates or check your Thymeleaf configuration)
2017-08-09 13:42:45.619 DEBUG 4560 --- [restartedMain] org.apache.ibatis.logging.LogFactory     : Logging initialized using 'class org.apache.ibatis.logging.slf4j.Slf4jImpl' adapter.
2017-08-09 13:42:46.070  WARN 4560 --- [restartedMain] o.s.b.d.a.OptionalLiveReloadServer       : Unable to start LiveReload server
2017-08-09 13:42:46.141  INFO 4560 --- [restartedMain] o.s.j.e.a.AnnotationMBeanExporter        : Registering beans for JMX exposure on startup
2017-08-09 13:42:46.146  INFO 4560 --- [restartedMain] o.s.j.e.a.AnnotationMBeanExporter        : Bean with name 'dataSource' has been autodetected for JMX exposure
2017-08-09 13:42:46.156  INFO 4560 --- [restartedMain] o.s.j.e.a.AnnotationMBeanExporter        : Located MBean 'dataSource': registering with JMX server as MBean [com.alibaba.druid.pool:name=dataSource,type=DruidDataSource]
2017-08-09 13:42:46.219  INFO 4560 --- [restartedMain] s.b.c.e.t.TomcatEmbeddedServletContainer : Tomcat started on port(s): 8080 (http)
2017-08-09 13:42:46.226  INFO 4560 --- [restartedMain] com.cgm.WXRunClass                       : Started WXRunClass in 6.38 seconds (JVM running for 6.817)
2017-08-09 13:42:55.490  INFO 4560 --- [Thread-1] ationConfigEmbeddedWebApplicationContext : Closing org.springframework.boot.context.embedded.AnnotationConfigEmbeddedWebApplicationContext@3e7b620d: startup date [Wed Aug 09 13:42:40 CST 2017]; root of context hierarchy
2017-08-09 13:42:55.493  INFO 4560 --- [Thread-1] o.s.j.e.a.AnnotationMBeanExporter        : Unregistering JMX-exposed beans on shutdown
2017-08-09 13:42:55.494  INFO 4560 --- [Thread-1] o.s.j.e.a.AnnotationMBeanExporter        : Unregistering JMX-exposed beans
2017-08-09 13:42:55.902  INFO 4560 --- [restartedMain] com.cgm.WXRunClass                       : Starting WXRunClass on xuxc with PID 4560 (started by Administrator in E:\GitHub spack\WeiXinExample)
2017-08-09 13:42:55.904  INFO 4560 --- [restartedMain] com.cgm.WXRunClass                       : No active profile set, falling back to default profiles: default
2017-08-09 13:42:55.909  INFO 4560 --- [restartedMain] ationConfigEmbeddedWebApplicationContext : Refreshing org.springframework.boot.context.embedded.AnnotationConfigEmbeddedWebApplicationContext@79e56e61: startup date [Wed Aug 09 13:42:55 CST 2017]; root of context hierarchy
2017-08-09 13:42:56.217  WARN 4560 --- [restartedMain] o.m.s.mapper.ClassPathMapperScanner      : No MyBatis mapper was found in '[com.cgm]' package. Please check your configuration.
2017-08-09 13:42:56.418  INFO 4560 --- [restartedMain] trationDelegate$BeanPostProcessorChecker : Bean 'org.springframework.transaction.annotation.ProxyTransactionManagementConfiguration' of type [org.springframework.transaction.annotation.ProxyTransactionManagementConfiguration$$EnhancerBySpringCGLIB$$f41dc46a] is not eligible for getting processed by all BeanPostProcessors (for example: not eligible for auto-proxying)
2017-08-09 13:42:56.496  INFO 4560 --- [restartedMain] s.b.c.e.t.TomcatEmbeddedServletContainer : Tomcat initialized with port(s): 8080 (http)
2017-08-09 13:42:56.497  INFO 4560 --- [restartedMain] o.apache.catalina.core.StandardService   : Starting service Tomcat
2017-08-09 13:42:56.498  INFO 4560 --- [restartedMain] org.apache.catalina.core.StandardEngine  : Starting Servlet Engine: Apache Tomcat/8.5.11
2017-08-09 13:42:56.519  INFO 4560 --- [localhost-startStop-1] o.a.c.c.C.[.[localhost].[/wxExample]     : Initializing Spring embedded WebApplicationContext
2017-08-09 13:42:56.520  INFO 4560 --- [localhost-startStop-1] o.s.web.context.ContextLoader            : Root WebApplicationContext: initialization completed in 611 ms
2017-08-09 13:42:56.571  INFO 4560 --- [localhost-startStop-1] o.s.b.w.servlet.ServletRegistrationBean  : Mapping servlet: 'dispatcherServlet' to [/]
2017-08-09 13:42:56.573  INFO 4560 --- [localhost-startStop-1] o.s.b.w.servlet.FilterRegistrationBean   : Mapping filter: 'characterEncodingFilter' to: [/*]
2017-08-09 13:42:56.573  INFO 4560 --- [localhost-startStop-1] o.s.b.w.servlet.FilterRegistrationBean   : Mapping filter: 'hiddenHttpMethodFilter' to: [/*]
2017-08-09 13:42:56.573  INFO 4560 --- [localhost-startStop-1] o.s.b.w.servlet.FilterRegistrationBean   : Mapping filter: 'httpPutFormContentFilter' to: [/*]
2017-08-09 13:42:56.573  INFO 4560 --- [localhost-startStop-1] o.s.b.w.servlet.FilterRegistrationBean   : Mapping filter: 'requestContextFilter' to: [/*]
2017-08-09 13:42:56.657  INFO 4560 --- [restartedMain] s.w.s.m.m.a.RequestMappingHandlerAdapter : Looking for @ControllerAdvice: org.springframework.boot.context.embedded.AnnotationConfigEmbeddedWebApplicationContext@79e56e61: startup date [Wed Aug 09 13:42:55 CST 2017]; root of context hierarchy
2017-08-09 13:42:56.667  INFO 4560 --- [restartedMain] s.w.s.m.m.a.RequestMappingHandlerMapping : Mapped "{[/getToken]}" onto public java.lang.String com.cgm.controller.WXOAuth2Controller.getToken(javax.servlet.http.HttpServletRequest,javax.servlet.http.HttpServletResponse)
2017-08-09 13:42:56.669  INFO 4560 --- [restartedMain] s.w.s.m.m.a.RequestMappingHandlerMapping : Mapped "{[/oauth2.do]}" onto public java.lang.String com.cgm.controller.WXOAuth2Controller.oauth2(javax.servlet.http.HttpServletRequest,javax.servlet.http.HttpServletResponse,javax.servlet.http.HttpSession) throws java.io.IOException
2017-08-09 13:42:56.670  INFO 4560 --- [restartedMain] s.w.s.m.m.a.RequestMappingHandlerMapping : Mapped "{[/weixinConnect]}" onto public java.lang.String com.cgm.controller.WXOAuth2Controller.weixinConnect(javax.servlet.http.HttpServletRequest,javax.servlet.http.HttpServletResponse) throws java.security.NoSuchAlgorithmException
2017-08-09 13:42:56.670  INFO 4560 --- [restartedMain] s.w.s.m.m.a.RequestMappingHandlerMapping : Mapped "{[/oauth2.do3]}" onto public java.lang.String com.cgm.controller.WXOAuth2Controller.oauth2for01003(javax.servlet.http.HttpServletRequest,javax.servlet.http.HttpServletResponse,javax.servlet.http.HttpSession) throws java.io.IOException
2017-08-09 13:42:56.671  INFO 4560 --- [restartedMain] s.w.s.m.m.a.RequestMappingHandlerMapping : Mapped "{[/oauth2.do6]}" onto public java.lang.String com.cgm.controller.WXOAuth2Controller.oauth2for01006(javax.servlet.http.HttpServletRequest,javax.servlet.http.HttpServletResponse,javax.servlet.http.HttpSession) throws java.io.IOException
2017-08-09 13:42:56.671  INFO 4560 --- [restartedMain] s.w.s.m.m.a.RequestMappingHandlerMapping : Mapped "{[/weixincreateMenu]}" onto public java.lang.String com.cgm.controller.WXOAuth2Controller.weixincreateMenu(javax.servlet.http.HttpServletRequest,javax.servlet.http.HttpServletResponse)
2017-08-09 13:42:56.678  INFO 4560 --- [restartedMain] s.w.s.m.m.a.RequestMappingHandlerMapping : Mapped "{[/error]}" onto public org.springframework.http.ResponseEntity<java.util.Map<java.lang.String, java.lang.Object>> org.springframework.boot.autoconfigure.web.BasicErrorController.error(javax.servlet.http.HttpServletRequest)
2017-08-09 13:42:56.679  INFO 4560 --- [restartedMain] s.w.s.m.m.a.RequestMappingHandlerMapping : Mapped "{[/error],produces=[text/html]}" onto public org.springframework.web.servlet.ModelAndView org.springframework.boot.autoconfigure.web.BasicErrorController.errorHtml(javax.servlet.http.HttpServletRequest,javax.servlet.http.HttpServletResponse)
2017-08-09 13:42:56.690  INFO 4560 --- [restartedMain] o.s.w.s.handler.SimpleUrlHandlerMapping  : Mapped URL path [/webjars/**] onto handler of type [class org.springframework.web.servlet.resource.ResourceHttpRequestHandler]
2017-08-09 13:42:56.690  INFO 4560 --- [restartedMain] o.s.w.s.handler.SimpleUrlHandlerMapping  : Mapped URL path [/**] onto handler of type [class org.springframework.web.servlet.resource.ResourceHttpRequestHandler]
2017-08-09 13:42:56.703  INFO 4560 --- [restartedMain] o.s.w.s.handler.SimpleUrlHandlerMapping  : Mapped URL path [/**/favicon.ico] onto handler of type [class org.springframework.web.servlet.resource.ResourceHttpRequestHandler]
2017-08-09 13:42:56.718  WARN 4560 --- [restartedMain] .t.AbstractTemplateResolverConfiguration : Cannot find template location: classpath:/templates/pages/ (please add some templates or check your Thymeleaf configuration)
2017-08-09 13:42:56.809  WARN 4560 --- [restartedMain] o.s.b.d.a.OptionalLiveReloadServer       : Unable to start LiveReload server
2017-08-09 13:42:56.865  INFO 4560 --- [restartedMain] o.s.j.e.a.AnnotationMBeanExporter        : Registering beans for JMX exposure on startup
2017-08-09 13:42:56.866  INFO 4560 --- [restartedMain] o.s.j.e.a.AnnotationMBeanExporter        : Bean with name 'dataSource' has been autodetected for JMX exposure
2017-08-09 13:42:56.869  INFO 4560 --- [restartedMain] o.s.j.e.a.AnnotationMBeanExporter        : Located MBean 'dataSource': registering with JMX server as MBean [com.alibaba.druid.pool:name=dataSource,type=DruidDataSource]
2017-08-09 13:42:56.879  INFO 4560 --- [restartedMain] s.b.c.e.t.TomcatEmbeddedServletContainer : Tomcat started on port(s): 8080 (http)
2017-08-09 13:42:56.881  INFO 4560 --- [restartedMain] com.cgm.WXRunClass                       : Started WXRunClass in 1.048 seconds (JVM running for 17.473)
2017-08-09 13:43:06.269  INFO 4560 --- [Thread-8] ationConfigEmbeddedWebApplicationContext : Closing org.springframework.boot.context.embedded.AnnotationConfigEmbeddedWebApplicationContext@79e56e61: startup date [Wed Aug 09 13:42:55 CST 2017]; root of context hierarchy
2017-08-09 13:43:06.270  INFO 4560 --- [Thread-8] o.s.j.e.a.AnnotationMBeanExporter        : Unregistering JMX-exposed beans on shutdown
2017-08-09 13:43:06.338  INFO 4560 --- [Thread-8] o.s.j.e.a.AnnotationMBeanExporter        : Unregistering JMX-exposed beans
2017-08-09 13:43:06.633  INFO 4560 --- [restartedMain] com.cgm.WXRunClass                       : Starting WXRunClass on xuxc with PID 4560 (started by Administrator in E:\GitHub spack\WeiXinExample)
2017-08-09 13:43:06.634  INFO 4560 --- [restartedMain] com.cgm.WXRunClass                       : No active profile set, falling back to default profiles: default
2017-08-09 13:43:06.637  INFO 4560 --- [restartedMain] ationConfigEmbeddedWebApplicationContext : Refreshing org.springframework.boot.context.embedded.AnnotationConfigEmbeddedWebApplicationContext@1c117f1e: startup date [Wed Aug 09 13:43:06 CST 2017]; root of context hierarchy
2017-08-09 13:43:06.930  WARN 4560 --- [restartedMain] o.m.s.mapper.ClassPathMapperScanner      : No MyBatis mapper was found in '[com.cgm]' package. Please check your configuration.
2017-08-09 13:43:06.987  INFO 4560 --- [restartedMain] trationDelegate$BeanPostProcessorChecker : Bean 'org.springframework.transaction.annotation.ProxyTransactionManagementConfiguration' of type [org.springframework.transaction.annotation.ProxyTransactionManagementConfiguration$$EnhancerBySpringCGLIB$$f41dc46a] is not eligible for getting processed by all BeanPostProcessors (for example: not eligible for auto-proxying)
2017-08-09 13:43:07.068  INFO 4560 --- [restartedMain] s.b.c.e.t.TomcatEmbeddedServletContainer : Tomcat initialized with port(s): 8080 (http)
2017-08-09 13:43:07.069  INFO 4560 --- [restartedMain] o.apache.catalina.core.StandardService   : Starting service Tomcat
2017-08-09 13:43:07.069  INFO 4560 --- [restartedMain] org.apache.catalina.core.StandardEngine  : Starting Servlet Engine: Apache Tomcat/8.5.11
2017-08-09 13:43:07.150  INFO 4560 --- [localhost-startStop-1] o.a.c.c.C.[.[localhost].[/wxExample]     : Initializing Spring embedded WebApplicationContext
2017-08-09 13:43:07.151  INFO 4560 --- [localhost-startStop-1] o.s.web.context.ContextLoader            : Root WebApplicationContext: initialization completed in 514 ms
2017-08-09 13:43:07.197  INFO 4560 --- [localhost-startStop-1] o.s.b.w.servlet.ServletRegistrationBean  : Mapping servlet: 'dispatcherServlet' to [/]
2017-08-09 13:43:07.198  INFO 4560 --- [localhost-startStop-1] o.s.b.w.servlet.FilterRegistrationBean   : Mapping filter: 'characterEncodingFilter' to: [/*]
2017-08-09 13:43:07.198  INFO 4560 --- [localhost-startStop-1] o.s.b.w.servlet.FilterRegistrationBean   : Mapping filter: 'hiddenHttpMethodFilter' to: [/*]
2017-08-09 13:43:07.198  INFO 4560 --- [localhost-startStop-1] o.s.b.w.servlet.FilterRegistrationBean   : Mapping filter: 'httpPutFormContentFilter' to: [/*]
2017-08-09 13:43:07.198  INFO 4560 --- [localhost-startStop-1] o.s.b.w.servlet.FilterRegistrationBean   : Mapping filter: 'requestContextFilter' to: [/*]
2017-08-09 13:43:07.270  INFO 4560 --- [restartedMain] s.w.s.m.m.a.RequestMappingHandlerAdapter : Looking for @ControllerAdvice: org.springframework.boot.context.embedded.AnnotationConfigEmbeddedWebApplicationContext@1c117f1e: startup date [Wed Aug 09 13:43:06 CST 2017]; root of context hierarchy
2017-08-09 13:43:07.278  INFO 4560 --- [restartedMain] s.w.s.m.m.a.RequestMappingHandlerMapping : Mapped "{[/getToken]}" onto public java.lang.String com.cgm.controller.WXOAuth2Controller.getToken(javax.servlet.http.HttpServletRequest,javax.servlet.http.HttpServletResponse)
2017-08-09 13:43:07.278  INFO 4560 --- [restartedMain] s.w.s.m.m.a.RequestMappingHandlerMapping : Mapped "{[/oauth2.do]}" onto public java.lang.String com.cgm.controller.WXOAuth2Controller.oauth2(javax.servlet.http.HttpServletRequest,javax.servlet.http.HttpServletResponse,javax.servlet.http.HttpSession) throws java.io.IOException
2017-08-09 13:43:07.278  INFO 4560 --- [restartedMain] s.w.s.m.m.a.RequestMappingHandlerMapping : Mapped "{[/weixinConnect]}" onto public java.lang.String com.cgm.controller.WXOAuth2Controller.weixinConnect(javax.servlet.http.HttpServletRequest,javax.servlet.http.HttpServletResponse) throws java.security.NoSuchAlgorithmException
2017-08-09 13:43:07.279  INFO 4560 --- [restartedMain] s.w.s.m.m.a.RequestMappingHandlerMapping : Mapped "{[/oauth2.do3]}" onto public java.lang.String com.cgm.controller.WXOAuth2Controller.oauth2for01003(javax.servlet.http.HttpServletRequest,javax.servlet.http.HttpServletResponse,javax.servlet.http.HttpSession) throws java.io.IOException
2017-08-09 13:43:07.279  INFO 4560 --- [restartedMain] s.w.s.m.m.a.RequestMappingHandlerMapping : Mapped "{[/oauth2.do6]}" onto public java.lang.String com.cgm.controller.WXOAuth2Controller.oauth2for01006(javax.servlet.http.HttpServletRequest,javax.servlet.http.HttpServletResponse,javax.servlet.http.HttpSession) throws java.io.IOException
2017-08-09 13:43:07.279  INFO 4560 --- [restartedMain] s.w.s.m.m.a.RequestMappingHandlerMapping : Mapped "{[/weixincreateMenu]}" onto public java.lang.String com.cgm.controller.WXOAuth2Controller.weixincreateMenu(javax.servlet.http.HttpServletRequest,javax.servlet.http.HttpServletResponse)
2017-08-09 13:43:07.281  INFO 4560 --- [restartedMain] s.w.s.m.m.a.RequestMappingHandlerMapping : Mapped "{[/error]}" onto public org.springframework.http.ResponseEntity<java.util.Map<java.lang.String, java.lang.Object>> org.springframework.boot.autoconfigure.web.BasicErrorController.error(javax.servlet.http.HttpServletRequest)
2017-08-09 13:43:07.281  INFO 4560 --- [restartedMain] s.w.s.m.m.a.RequestMappingHandlerMapping : Mapped "{[/error],produces=[text/html]}" onto public org.springframework.web.servlet.ModelAndView org.springframework.boot.autoconfigure.web.BasicErrorController.errorHtml(javax.servlet.http.HttpServletRequest,javax.servlet.http.HttpServletResponse)
2017-08-09 13:43:07.289  INFO 4560 --- [restartedMain] o.s.w.s.handler.SimpleUrlHandlerMapping  : Mapped URL path [/webjars/**] onto handler of type [class org.springframework.web.servlet.resource.ResourceHttpRequestHandler]
2017-08-09 13:43:07.289  INFO 4560 --- [restartedMain] o.s.w.s.handler.SimpleUrlHandlerMapping  : Mapped URL path [/**] onto handler of type [class org.springframework.web.servlet.resource.ResourceHttpRequestHandler]
2017-08-09 13:43:07.301  INFO 4560 --- [restartedMain] o.s.w.s.handler.SimpleUrlHandlerMapping  : Mapped URL path [/**/favicon.ico] onto handler of type [class org.springframework.web.servlet.resource.ResourceHttpRequestHandler]
2017-08-09 13:43:07.314  WARN 4560 --- [restartedMain] .t.AbstractTemplateResolverConfiguration : Cannot find template location: classpath:/templates/pages/ (please add some templates or check your Thymeleaf configuration)
2017-08-09 13:43:07.391  WARN 4560 --- [restartedMain] o.s.b.d.a.OptionalLiveReloadServer       : Unable to start LiveReload server
2017-08-09 13:43:07.435  INFO 4560 --- [restartedMain] o.s.j.e.a.AnnotationMBeanExporter        : Registering beans for JMX exposure on startup
2017-08-09 13:43:07.436  INFO 4560 --- [restartedMain] o.s.j.e.a.AnnotationMBeanExporter        : Bean with name 'dataSource' has been autodetected for JMX exposure
2017-08-09 13:43:07.440  INFO 4560 --- [restartedMain] o.s.j.e.a.AnnotationMBeanExporter        : Located MBean 'dataSource': registering with JMX server as MBean [com.alibaba.druid.pool:name=dataSource,type=DruidDataSource]
2017-08-09 13:43:07.448  INFO 4560 --- [restartedMain] s.b.c.e.t.TomcatEmbeddedServletContainer : Tomcat started on port(s): 8080 (http)
2017-08-09 13:43:07.451  INFO 4560 --- [restartedMain] com.cgm.WXRunClass                       : Started WXRunClass in 0.874 seconds (JVM running for 28.042)
2017-08-09 13:43:23.918  INFO 4560 --- [Thread-14] ationConfigEmbeddedWebApplicationContext : Closing org.springframework.boot.context.embedded.AnnotationConfigEmbeddedWebApplicationContext@1c117f1e: startup date [Wed Aug 09 13:43:06 CST 2017]; root of context hierarchy
2017-08-09 13:43:23.921  INFO 4560 --- [Thread-14] o.s.j.e.a.AnnotationMBeanExporter        : Unregistering JMX-exposed beans on shutdown
2017-08-09 13:43:23.921  INFO 4560 --- [Thread-14] o.s.j.e.a.AnnotationMBeanExporter        : Unregistering JMX-exposed beans
2017-08-09 13:43:24.385  INFO 4560 --- [restartedMain] com.cgm.WXRunClass                       : Starting WXRunClass on xuxc with PID 4560 (started by Administrator in E:\GitHub spack\WeiXinExample)
2017-08-09 13:43:24.385  INFO 4560 --- [restartedMain] com.cgm.WXRunClass                       : No active profile set, falling back to default profiles: default
2017-08-09 13:43:24.387  INFO 4560 --- [restartedMain] ationConfigEmbeddedWebApplicationContext : Refreshing org.springframework.boot.context.embedded.AnnotationConfigEmbeddedWebApplicationContext@2374ba3a: startup date [Wed Aug 09 13:43:24 CST 2017]; root of context hierarchy
2017-08-09 13:43:24.627  WARN 4560 --- [restartedMain] o.m.s.mapper.ClassPathMapperScanner      : No MyBatis mapper was found in '[com.cgm]' package. Please check your configuration.
2017-08-09 13:43:24.675  INFO 4560 --- [restartedMain] trationDelegate$BeanPostProcessorChecker : Bean 'org.springframework.transaction.annotation.ProxyTransactionManagementConfiguration' of type [org.springframework.transaction.annotation.ProxyTransactionManagementConfiguration$$EnhancerBySpringCGLIB$$f41dc46a] is not eligible for getting processed by all BeanPostProcessors (for example: not eligible for auto-proxying)
2017-08-09 13:43:24.733  INFO 4560 --- [restartedMain] s.b.c.e.t.TomcatEmbeddedServletContainer : Tomcat initialized with port(s): 8080 (http)
2017-08-09 13:43:24.735  INFO 4560 --- [restartedMain] o.apache.catalina.core.StandardService   : Starting service Tomcat
2017-08-09 13:43:24.736  INFO 4560 --- [restartedMain] org.apache.catalina.core.StandardEngine  : Starting Servlet Engine: Apache Tomcat/8.5.11
2017-08-09 13:43:24.743  INFO 4560 --- [localhost-startStop-1] o.a.c.c.C.[.[localhost].[/wxExample]     : Initializing Spring embedded WebApplicationContext
2017-08-09 13:43:24.744  INFO 4560 --- [localhost-startStop-1] o.s.web.context.ContextLoader            : Root WebApplicationContext: initialization completed in 357 ms
2017-08-09 13:43:24.779  INFO 4560 --- [localhost-startStop-1] o.s.b.w.servlet.ServletRegistrationBean  : Mapping servlet: 'dispatcherServlet' to [/]
2017-08-09 13:43:24.780  INFO 4560 --- [localhost-startStop-1] o.s.b.w.servlet.FilterRegistrationBean   : Mapping filter: 'characterEncodingFilter' to: [/*]
2017-08-09 13:43:24.780  INFO 4560 --- [localhost-startStop-1] o.s.b.w.servlet.FilterRegistrationBean   : Mapping filter: 'hiddenHttpMethodFilter' to: [/*]
2017-08-09 13:43:24.780  INFO 4560 --- [localhost-startStop-1] o.s.b.w.servlet.FilterRegistrationBean   : Mapping filter: 'httpPutFormContentFilter' to: [/*]
2017-08-09 13:43:24.780  INFO 4560 --- [localhost-startStop-1] o.s.b.w.servlet.FilterRegistrationBean   : Mapping filter: 'requestContextFilter' to: [/*]
2017-08-09 13:43:24.839  INFO 4560 --- [restartedMain] s.w.s.m.m.a.RequestMappingHandlerAdapter : Looking for @ControllerAdvice: org.springframework.boot.context.embedded.AnnotationConfigEmbeddedWebApplicationContext@2374ba3a: startup date [Wed Aug 09 13:43:24 CST 2017]; root of context hierarchy
2017-08-09 13:43:24.846  INFO 4560 --- [restartedMain] s.w.s.m.m.a.RequestMappingHandlerMapping : Mapped "{[/getToken]}" onto public java.lang.String com.cgm.controller.WXOAuth2Controller.getToken(javax.servlet.http.HttpServletRequest,javax.servlet.http.HttpServletResponse)
2017-08-09 13:43:24.846  INFO 4560 --- [restartedMain] s.w.s.m.m.a.RequestMappingHandlerMapping : Mapped "{[/oauth2.do]}" onto public java.lang.String com.cgm.controller.WXOAuth2Controller.oauth2(javax.servlet.http.HttpServletRequest,javax.servlet.http.HttpServletResponse,javax.servlet.http.HttpSession) throws java.io.IOException
2017-08-09 13:43:24.846  INFO 4560 --- [restartedMain] s.w.s.m.m.a.RequestMappingHandlerMapping : Mapped "{[/weixinConnect]}" onto public java.lang.String com.cgm.controller.WXOAuth2Controller.weixinConnect(javax.servlet.http.HttpServletRequest,javax.servlet.http.HttpServletResponse) throws java.security.NoSuchAlgorithmException
2017-08-09 13:43:24.846  INFO 4560 --- [restartedMain] s.w.s.m.m.a.RequestMappingHandlerMapping : Mapped "{[/oauth2.do3]}" onto public java.lang.String com.cgm.controller.WXOAuth2Controller.oauth2for01003(javax.servlet.http.HttpServletRequest,javax.servlet.http.HttpServletResponse,javax.servlet.http.HttpSession) throws java.io.IOException
2017-08-09 13:43:24.847  INFO 4560 --- [restartedMain] s.w.s.m.m.a.RequestMappingHandlerMapping : Mapped "{[/oauth2.do6]}" onto public java.lang.String com.cgm.controller.WXOAuth2Controller.oauth2for01006(javax.servlet.http.HttpServletRequest,javax.servlet.http.HttpServletResponse,javax.servlet.http.HttpSession) throws java.io.IOException
2017-08-09 13:43:24.847  INFO 4560 --- [restartedMain] s.w.s.m.m.a.RequestMappingHandlerMapping : Mapped "{[/weixincreateMenu]}" onto public java.lang.String com.cgm.controller.WXOAuth2Controller.weixincreateMenu(javax.servlet.http.HttpServletRequest,javax.servlet.http.HttpServletResponse)
2017-08-09 13:43:24.848  INFO 4560 --- [restartedMain] s.w.s.m.m.a.RequestMappingHandlerMapping : Mapped "{[/error]}" onto public org.springframework.http.ResponseEntity<java.util.Map<java.lang.String, java.lang.Object>> org.springframework.boot.autoconfigure.web.BasicErrorController.error(javax.servlet.http.HttpServletRequest)
2017-08-09 13:43:24.849  INFO 4560 --- [restartedMain] s.w.s.m.m.a.RequestMappingHandlerMapping : Mapped "{[/error],produces=[text/html]}" onto public org.springframework.web.servlet.ModelAndView org.springframework.boot.autoconfigure.web.BasicErrorController.errorHtml(javax.servlet.http.HttpServletRequest,javax.servlet.http.HttpServletResponse)
2017-08-09 13:43:24.855  INFO 4560 --- [restartedMain] o.s.w.s.handler.SimpleUrlHandlerMapping  : Mapped URL path [/webjars/**] onto handler of type [class org.springframework.web.servlet.resource.ResourceHttpRequestHandler]
2017-08-09 13:43:24.855  INFO 4560 --- [restartedMain] o.s.w.s.handler.SimpleUrlHandlerMapping  : Mapped URL path [/**] onto handler of type [class org.springframework.web.servlet.resource.ResourceHttpRequestHandler]
2017-08-09 13:43:24.863  INFO 4560 --- [restartedMain] o.s.w.s.handler.SimpleUrlHandlerMapping  : Mapped URL path [/**/favicon.ico] onto handler of type [class org.springframework.web.servlet.resource.ResourceHttpRequestHandler]
2017-08-09 13:43:24.873  WARN 4560 --- [restartedMain] .t.AbstractTemplateResolverConfiguration : Cannot find template location: classpath:/templates/pages/ (please add some templates or check your Thymeleaf configuration)
2017-08-09 13:43:24.927  WARN 4560 --- [restartedMain] o.s.b.d.a.OptionalLiveReloadServer       : Unable to start LiveReload server
2017-08-09 13:43:24.952  INFO 4560 --- [restartedMain] o.s.j.e.a.AnnotationMBeanExporter        : Registering beans for JMX exposure on startup
2017-08-09 13:43:24.953  INFO 4560 --- [restartedMain] o.s.j.e.a.AnnotationMBeanExporter        : Bean with name 'dataSource' has been autodetected for JMX exposure
2017-08-09 13:43:24.956  INFO 4560 --- [restartedMain] o.s.j.e.a.AnnotationMBeanExporter        : Located MBean 'dataSource': registering with JMX server as MBean [com.alibaba.druid.pool:name=dataSource,type=DruidDataSource]
2017-08-09 13:43:24.964  INFO 4560 --- [restartedMain] s.b.c.e.t.TomcatEmbeddedServletContainer : Tomcat started on port(s): 8080 (http)
2017-08-09 13:43:24.966  INFO 4560 --- [restartedMain] com.cgm.WXRunClass                       : Started WXRunClass in 0.636 seconds (JVM running for 45.557)
2017-08-09 13:43:34.360  INFO 4560 --- [Thread-20] ationConfigEmbeddedWebApplicationContext : Closing org.springframework.boot.context.embedded.AnnotationConfigEmbeddedWebApplicationContext@2374ba3a: startup date [Wed Aug 09 13:43:24 CST 2017]; root of context hierarchy
2017-08-09 13:43:34.362  INFO 4560 --- [Thread-20] o.s.j.e.a.AnnotationMBeanExporter        : Unregistering JMX-exposed beans on shutdown
2017-08-09 13:43:34.363  INFO 4560 --- [Thread-20] o.s.j.e.a.AnnotationMBeanExporter        : Unregistering JMX-exposed beans
2017-08-09 13:43:34.582  INFO 4560 --- [restartedMain] com.cgm.WXRunClass                       : Starting WXRunClass on xuxc with PID 4560 (started by Administrator in E:\GitHub spack\WeiXinExample)
2017-08-09 13:43:34.582  INFO 4560 --- [restartedMain] com.cgm.WXRunClass                       : No active profile set, falling back to default profiles: default
2017-08-09 13:43:34.584  INFO 4560 --- [restartedMain] ationConfigEmbeddedWebApplicationContext : Refreshing org.springframework.boot.context.embedded.AnnotationConfigEmbeddedWebApplicationContext@57316dae: startup date [Wed Aug 09 13:43:34 CST 2017]; root of context hierarchy
2017-08-09 13:43:34.816  WARN 4560 --- [restartedMain] o.m.s.mapper.ClassPathMapperScanner      : No MyBatis mapper was found in '[com.cgm]' package. Please check your configuration.
2017-08-09 13:43:34.851  INFO 4560 --- [restartedMain] trationDelegate$BeanPostProcessorChecker : Bean 'org.springframework.transaction.annotation.ProxyTransactionManagementConfiguration' of type [org.springframework.transaction.annotation.ProxyTransactionManagementConfiguration$$EnhancerBySpringCGLIB$$f41dc46a] is not eligible for getting processed by all BeanPostProcessors (for example: not eligible for auto-proxying)
2017-08-09 13:43:34.891  INFO 4560 --- [restartedMain] s.b.c.e.t.TomcatEmbeddedServletContainer : Tomcat initialized with port(s): 8080 (http)
2017-08-09 13:43:34.892  INFO 4560 --- [restartedMain] o.apache.catalina.core.StandardService   : Starting service Tomcat
2017-08-09 13:43:34.892  INFO 4560 --- [restartedMain] org.apache.catalina.core.StandardEngine  : Starting Servlet Engine: Apache Tomcat/8.5.11
2017-08-09 13:43:34.900  INFO 4560 --- [localhost-startStop-1] o.a.c.c.C.[.[localhost].[/wxExample]     : Initializing Spring embedded WebApplicationContext
2017-08-09 13:43:34.901  INFO 4560 --- [localhost-startStop-1] o.s.web.context.ContextLoader            : Root WebApplicationContext: initialization completed in 317 ms
2017-08-09 13:43:34.935  INFO 4560 --- [localhost-startStop-1] o.s.b.w.servlet.ServletRegistrationBean  : Mapping servlet: 'dispatcherServlet' to [/]
2017-08-09 13:43:34.936  INFO 4560 --- [localhost-startStop-1] o.s.b.w.servlet.FilterRegistrationBean   : Mapping filter: 'characterEncodingFilter' to: [/*]
2017-08-09 13:43:34.936  INFO 4560 --- [localhost-startStop-1] o.s.b.w.servlet.FilterRegistrationBean   : Mapping filter: 'hiddenHttpMethodFilter' to: [/*]
2017-08-09 13:43:34.936  INFO 4560 --- [localhost-startStop-1] o.s.b.w.servlet.FilterRegistrationBean   : Mapping filter: 'httpPutFormContentFilter' to: [/*]
2017-08-09 13:43:34.936  INFO 4560 --- [localhost-startStop-1] o.s.b.w.servlet.FilterRegistrationBean   : Mapping filter: 'requestContextFilter' to: [/*]
2017-08-09 13:43:34.982  INFO 4560 --- [restartedMain] s.w.s.m.m.a.RequestMappingHandlerAdapter : Looking for @ControllerAdvice: org.springframework.boot.context.embedded.AnnotationConfigEmbeddedWebApplicationContext@57316dae: startup date [Wed Aug 09 13:43:34 CST 2017]; root of context hierarchy
2017-08-09 13:43:34.989  INFO 4560 --- [restartedMain] s.w.s.m.m.a.RequestMappingHandlerMapping : Mapped "{[/getToken]}" onto public java.lang.String com.cgm.controller.WXOAuth2Controller.getToken(javax.servlet.http.HttpServletRequest,javax.servlet.http.HttpServletResponse)
2017-08-09 13:43:34.990  INFO 4560 --- [restartedMain] s.w.s.m.m.a.RequestMappingHandlerMapping : Mapped "{[/oauth2.do]}" onto public java.lang.String com.cgm.controller.WXOAuth2Controller.oauth2(javax.servlet.http.HttpServletRequest,javax.servlet.http.HttpServletResponse,javax.servlet.http.HttpSession) throws java.io.IOException
2017-08-09 13:43:34.990  INFO 4560 --- [restartedMain] s.w.s.m.m.a.RequestMappingHandlerMapping : Mapped "{[/weixinConnect]}" onto public java.lang.String com.cgm.controller.WXOAuth2Controller.weixinConnect(javax.servlet.http.HttpServletRequest,javax.servlet.http.HttpServletResponse) throws java.security.NoSuchAlgorithmException
2017-08-09 13:43:34.990  INFO 4560 --- [restartedMain] s.w.s.m.m.a.RequestMappingHandlerMapping : Mapped "{[/oauth2.do3]}" onto public java.lang.String com.cgm.controller.WXOAuth2Controller.oauth2for01003(javax.servlet.http.HttpServletRequest,javax.servlet.http.HttpServletResponse,javax.servlet.http.HttpSession) throws java.io.IOException
2017-08-09 13:43:34.991  INFO 4560 --- [restartedMain] s.w.s.m.m.a.RequestMappingHandlerMapping : Mapped "{[/oauth2.do6]}" onto public java.lang.String com.cgm.controller.WXOAuth2Controller.oauth2for01006(javax.servlet.http.HttpServletRequest,javax.servlet.http.HttpServletResponse,javax.servlet.http.HttpSession) throws java.io.IOException
2017-08-09 13:43:34.991  INFO 4560 --- [restartedMain] s.w.s.m.m.a.RequestMappingHandlerMapping : Mapped "{[/weixincreateMenu]}" onto public java.lang.String com.cgm.controller.WXOAuth2Controller.weixincreateMenu(javax.servlet.http.HttpServletRequest,javax.servlet.http.HttpServletResponse)
2017-08-09 13:43:34.993  INFO 4560 --- [restartedMain] s.w.s.m.m.a.RequestMappingHandlerMapping : Mapped "{[/error]}" onto public org.springframework.http.ResponseEntity<java.util.Map<java.lang.String, java.lang.Object>> org.springframework.boot.autoconfigure.web.BasicErrorController.error(javax.servlet.http.HttpServletRequest)
2017-08-09 13:43:34.994  INFO 4560 --- [restartedMain] s.w.s.m.m.a.RequestMappingHandlerMapping : Mapped "{[/error],produces=[text/html]}" onto public org.springframework.web.servlet.ModelAndView org.springframework.boot.autoconfigure.web.BasicErrorController.errorHtml(javax.servlet.http.HttpServletRequest,javax.servlet.http.HttpServletResponse)
2017-08-09 13:43:35.000  INFO 4560 --- [restartedMain] o.s.w.s.handler.SimpleUrlHandlerMapping  : Mapped URL path [/webjars/**] onto handler of type [class org.springframework.web.servlet.resource.ResourceHttpRequestHandler]
2017-08-09 13:43:35.001  INFO 4560 --- [restartedMain] o.s.w.s.handler.SimpleUrlHandlerMapping  : Mapped URL path [/**] onto handler of type [class org.springframework.web.servlet.resource.ResourceHttpRequestHandler]
2017-08-09 13:43:35.011  INFO 4560 --- [restartedMain] o.s.w.s.handler.SimpleUrlHandlerMapping  : Mapped URL path [/**/favicon.ico] onto handler of type [class org.springframework.web.servlet.resource.ResourceHttpRequestHandler]
2017-08-09 13:43:35.020  WARN 4560 --- [restartedMain] .t.AbstractTemplateResolverConfiguration : Cannot find template location: classpath:/templates/pages/ (please add some templates or check your Thymeleaf configuration)
2017-08-09 13:43:35.084  WARN 4560 --- [restartedMain] o.s.b.d.a.OptionalLiveReloadServer       : Unable to start LiveReload server
2017-08-09 13:43:35.116  INFO 4560 --- [restartedMain] o.s.j.e.a.AnnotationMBeanExporter        : Registering beans for JMX exposure on startup
2017-08-09 13:43:35.117  INFO 4560 --- [restartedMain] o.s.j.e.a.AnnotationMBeanExporter        : Bean with name 'dataSource' has been autodetected for JMX exposure
2017-08-09 13:43:35.119  INFO 4560 --- [restartedMain] o.s.j.e.a.AnnotationMBeanExporter        : Located MBean 'dataSource': registering with JMX server as MBean [com.alibaba.druid.pool:name=dataSource,type=DruidDataSource]
2017-08-09 13:43:35.126  INFO 4560 --- [restartedMain] s.b.c.e.t.TomcatEmbeddedServletContainer : Tomcat started on port(s): 8080 (http)
2017-08-09 13:43:35.127  INFO 4560 --- [restartedMain] com.cgm.WXRunClass                       : Started WXRunClass in 0.577 seconds (JVM running for 55.718)
2017-08-09 13:44:23.810  INFO 4560 --- [http-nio-8080-exec-1] o.a.c.c.C.[.[localhost].[/wxExample]     : Initializing Spring FrameworkServlet 'dispatcherServlet'
2017-08-09 13:44:23.810  INFO 4560 --- [http-nio-8080-exec-1] o.s.web.servlet.DispatcherServlet        : FrameworkServlet 'dispatcherServlet': initialization started
2017-08-09 13:44:23.828  INFO 4560 --- [http-nio-8080-exec-1] o.s.web.servlet.DispatcherServlet        : FrameworkServlet 'dispatcherServlet': initialization completed in 18 ms
2017-08-09 13:44:24.004 ERROR 4560 --- [http-nio-8080-exec-1] org.thymeleaf.TemplateEngine             : [THYMELEAF][http-nio-8080-exec-1] Exception processing template "wx01001.index": Error resolving template "wx01001.index", template might not exist or might not be accessible by any of the configured Template Resolvers
2017-08-09 13:44:24.011 ERROR 4560 --- [http-nio-8080-exec-1] o.a.c.c.C.[.[.[.[dispatcherServlet]      : Servlet.service() for servlet [dispatcherServlet] in context with path [/wxExample] threw exception [Request processing failed; nested exception is org.thymeleaf.exceptions.TemplateInputException: Error resolving template "wx01001.index", template might not exist or might not be accessible by any of the configured Template Resolvers] with root cause

org.thymeleaf.exceptions.TemplateInputException: Error resolving template "wx01001.index", template might not exist or might not be accessible by any of the configured Template Resolvers
	at org.thymeleaf.TemplateRepository.getTemplate(TemplateRepository.java:246) ~[thymeleaf-2.1.5.RELEASE.jar:2.1.5.RELEASE]
	at org.thymeleaf.TemplateEngine.process(TemplateEngine.java:1104) ~[thymeleaf-2.1.5.RELEASE.jar:2.1.5.RELEASE]
	at org.thymeleaf.TemplateEngine.process(TemplateEngine.java:1060) ~[thymeleaf-2.1.5.RELEASE.jar:2.1.5.RELEASE]
	at org.thymeleaf.TemplateEngine.process(TemplateEngine.java:1011) ~[thymeleaf-2.1.5.RELEASE.jar:2.1.5.RELEASE]
	at org.thymeleaf.spring4.view.ThymeleafView.renderFragment(ThymeleafView.java:335) ~[thymeleaf-spring4-2.1.5.RELEASE.jar:2.1.5.RELEASE]
	at org.thymeleaf.spring4.view.ThymeleafView.render(ThymeleafView.java:190) ~[thymeleaf-spring4-2.1.5.RELEASE.jar:2.1.5.RELEASE]
	at org.springframework.web.servlet.DispatcherServlet.render(DispatcherServlet.java:1282) ~[spring-webmvc-4.3.7.RELEASE.jar:4.3.7.RELEASE]
	at org.springframework.web.servlet.DispatcherServlet.processDispatchResult(DispatcherServlet.java:1037) ~[spring-webmvc-4.3.7.RELEASE.jar:4.3.7.RELEASE]
	at org.springframework.web.servlet.DispatcherServlet.doDispatch(DispatcherServlet.java:980) ~[spring-webmvc-4.3.7.RELEASE.jar:4.3.7.RELEASE]
	at org.springframework.web.servlet.DispatcherServlet.doService(DispatcherServlet.java:897) ~[spring-webmvc-4.3.7.RELEASE.jar:4.3.7.RELEASE]
	at org.springframework.web.servlet.FrameworkServlet.processRequest(FrameworkServlet.java:970) ~[spring-webmvc-4.3.7.RELEASE.jar:4.3.7.RELEASE]
	at org.springframework.web.servlet.FrameworkServlet.doGet(FrameworkServlet.java:861) ~[spring-webmvc-4.3.7.RELEASE.jar:4.3.7.RELEASE]
	at javax.servlet.http.HttpServlet.service(HttpServlet.java:687) ~[javax.servlet-api-3.1.0.jar:3.1.0]
	at org.springframework.web.servlet.FrameworkServlet.service(FrameworkServlet.java:846) ~[spring-webmvc-4.3.7.RELEASE.jar:4.3.7.RELEASE]
	at javax.servlet.http.HttpServlet.service(HttpServlet.java:790) ~[javax.servlet-api-3.1.0.jar:3.1.0]
	at org.apache.catalina.core.ApplicationFilterChain.internalDoFilter(ApplicationFilterChain.java:230) ~[tomcat-embed-core-8.5.11.jar:8.5.11]
	at org.apache.catalina.core.ApplicationFilterChain.doFilter(ApplicationFilterChain.java:165) ~[tomcat-embed-core-8.5.11.jar:8.5.11]
	at org.apache.tomcat.websocket.server.WsFilter.doFilter(WsFilter.java:52) ~[tomcat-embed-websocket-8.5.11.jar:8.5.11]
	at org.apache.catalina.core.ApplicationFilterChain.internalDoFilter(ApplicationFilterChain.java:192) ~[tomcat-embed-core-8.5.11.jar:8.5.11]
	at org.apache.catalina.core.ApplicationFilterChain.doFilter(ApplicationFilterChain.java:165) ~[tomcat-embed-core-8.5.11.jar:8.5.11]
	at org.springframework.web.filter.RequestContextFilter.doFilterInternal(RequestContextFilter.java:99) ~[spring-web-4.3.7.RELEASE.jar:4.3.7.RELEASE]
	at org.springframework.web.filter.OncePerRequestFilter.doFilter(OncePerRequestFilter.java:107) ~[spring-web-4.3.7.RELEASE.jar:4.3.7.RELEASE]
	at org.apache.catalina.core.ApplicationFilterChain.internalDoFilter(ApplicationFilterChain.java:192) ~[tomcat-embed-core-8.5.11.jar:8.5.11]
	at org.apache.catalina.core.ApplicationFilterChain.doFilter(ApplicationFilterChain.java:165) ~[tomcat-embed-core-8.5.11.jar:8.5.11]
	at org.springframework.web.filter.HttpPutFormContentFilter.doFilterInternal(HttpPutFormContentFilter.java:105) ~[spring-web-4.3.7.RELEASE.jar:4.3.7.RELEASE]
	at org.springframework.web.filter.OncePerRequestFilter.doFilter(OncePerRequestFilter.java:107) ~[spring-web-4.3.7.RELEASE.jar:4.3.7.RELEASE]
	at org.apache.catalina.core.ApplicationFilterChain.internalDoFilter(ApplicationFilterChain.java:192) ~[tomcat-embed-core-8.5.11.jar:8.5.11]
	at org.apache.catalina.core.ApplicationFilterChain.doFilter(ApplicationFilterChain.java:165) ~[tomcat-embed-core-8.5.11.jar:8.5.11]
	at org.springframework.web.filter.HiddenHttpMethodFilter.doFilterInternal(HiddenHttpMethodFilter.java:81) ~[spring-web-4.3.7.RELEASE.jar:4.3.7.RELEASE]
	at org.springframework.web.filter.OncePerRequestFilter.doFilter(OncePerRequestFilter.java:107) ~[spring-web-4.3.7.RELEASE.jar:4.3.7.RELEASE]
	at org.apache.catalina.core.ApplicationFilterChain.internalDoFilter(ApplicationFilterChain.java:192) ~[tomcat-embed-core-8.5.11.jar:8.5.11]
	at org.apache.catalina.core.ApplicationFilterChain.doFilter(ApplicationFilterChain.java:165) ~[tomcat-embed-core-8.5.11.jar:8.5.11]
	at org.springframework.web.filter.CharacterEncodingFilter.doFilterInternal(CharacterEncodingFilter.java:197) ~[spring-web-4.3.7.RELEASE.jar:4.3.7.RELEASE]
	at org.springframework.web.filter.OncePerRequestFilter.doFilter(OncePerRequestFilter.java:107) ~[spring-web-4.3.7.RELEASE.jar:4.3.7.RELEASE]
	at org.apache.catalina.core.ApplicationFilterChain.internalDoFilter(ApplicationFilterChain.java:192) ~[tomcat-embed-core-8.5.11.jar:8.5.11]
	at org.apache.catalina.core.ApplicationFilterChain.doFilter(ApplicationFilterChain.java:165) ~[tomcat-embed-core-8.5.11.jar:8.5.11]
	at org.apache.catalina.core.StandardWrapperValve.invoke(StandardWrapperValve.java:198) ~[tomcat-embed-core-8.5.11.jar:8.5.11]
	at org.apache.catalina.core.StandardContextValve.invoke(StandardContextValve.java:96) [tomcat-embed-core-8.5.11.jar:8.5.11]
	at org.apache.catalina.authenticator.AuthenticatorBase.invoke(AuthenticatorBase.java:474) [tomcat-embed-core-8.5.11.jar:8.5.11]
	at org.apache.catalina.core.StandardHostValve.invoke(StandardHostValve.java:140) [tomcat-embed-core-8.5.11.jar:8.5.11]
	at org.apache.catalina.valves.ErrorReportValve.invoke(ErrorReportValve.java:79) [tomcat-embed-core-8.5.11.jar:8.5.11]
	at org.apache.catalina.core.StandardEngineValve.invoke(StandardEngineValve.java:87) [tomcat-embed-core-8.5.11.jar:8.5.11]
	at org.apache.catalina.connector.CoyoteAdapter.service(CoyoteAdapter.java:349) [tomcat-embed-core-8.5.11.jar:8.5.11]
	at org.apache.coyote.http11.Http11Processor.service(Http11Processor.java:783) [tomcat-embed-core-8.5.11.jar:8.5.11]
	at org.apache.coyote.AbstractProcessorLight.process(AbstractProcessorLight.java:66) [tomcat-embed-core-8.5.11.jar:8.5.11]
	at org.apache.coyote.AbstractProtocol$ConnectionHandler.process(AbstractProtocol.java:798) [tomcat-embed-core-8.5.11.jar:8.5.11]
	at org.apache.tomcat.util.net.NioEndpoint$SocketProcessor.doRun(NioEndpoint.java:1434) [tomcat-embed-core-8.5.11.jar:8.5.11]
	at org.apache.tomcat.util.net.SocketProcessorBase.run(SocketProcessorBase.java:49) [tomcat-embed-core-8.5.11.jar:8.5.11]
	at java.util.concurrent.ThreadPoolExecutor.runWorker(ThreadPoolExecutor.java:1142) [na:1.8.0_121]
	at java.util.concurrent.ThreadPoolExecutor$Worker.run(ThreadPoolExecutor.java:617) [na:1.8.0_121]
	at org.apache.tomcat.util.threads.TaskThread$WrappingRunnable.run(TaskThread.java:61) [tomcat-embed-core-8.5.11.jar:8.5.11]
	at java.lang.Thread.run(Thread.java:745) [na:1.8.0_121]

